[0.022s] Invoking command in '/home/purvang/vbrm-dr/build/vbrm-dr': CMAKE_PREFIX_PATH=/opt/ros/humble /usr/local/bin/cmake --build /home/purvang/vbrm-dr/build/vbrm-dr -- -j9 -l9
[0.067s] [35m[1mConsolidate compiler generated dependencies of target PointCloudProcessor[0m
[0.104s] [ 50%] [32mBuilding CXX object CMakeFiles/PointCloudProcessor.dir/src/main.cpp.o[0m
[7.205s] [01m[K/home/purvang/vbrm-dr/src/main.cpp:[m[K In member function â€˜[01m[Kpcl::PointCloud<pcl::PointXYZRGB>::Ptr PointCloudProcessing::__BoundaryEstimation__(pcl::PointCloud<pcl::PointXYZRGB>::Ptr) const[m[Kâ€™:
[7.205s] [01m[K/home/purvang/vbrm-dr/src/main.cpp:174:63:[m[K [01;31m[Kerror: [m[Kcannot convert â€˜[01m[Kpcl::search::KdTree<pcl::PointXYZ>::Ptr[m[Kâ€™ {aka â€˜[01m[Kstd::shared_ptr<pcl::search::KdTree<pcl::PointXYZ> >[m[Kâ€™} to â€˜[01m[Kconst KdTreePtr&[m[Kâ€™ {aka â€˜[01m[Kconst std::shared_ptr<pcl::search::Search<pcl::PointXYZRGB> >&[m[Kâ€™}
[7.205s]   174 |       ne.setSearchMethod (pcl::search::KdTree<pcl::PointXYZ>::[01;31m[KPtr (new pcl::search::KdTree<pcl::PointXYZ>)[m[K);
[7.206s]       |                                                               [01;31m[K^~~~~~~~~~~~~~~~~~~~~~~~~~~~~~~~~~~~~~~~~~~~[m[K
[7.206s]       |                                                               [01;31m[K|[m[K
[7.206s]       |                                                               [01;31m[Kpcl::search::KdTree<pcl::PointXYZ>::Ptr {aka std::shared_ptr<pcl::search::KdTree<pcl::PointXYZ> >}[m[K
[7.206s] In file included from [01m[K/usr/include/pcl-1.12/pcl/features/normal_3d.h:45[m[K,
[7.206s]                  from [01m[K/home/purvang/vbrm-dr/src/main.cpp:27[m[K:
[7.206s] [01m[K/usr/include/pcl-1.12/pcl/features/feature.h:167:41:[m[K [01;36m[Knote: [m[K  initializing argument 1 of â€˜[01m[Kvoid pcl::Feature<PointInT, PointOutT>::setSearchMethod(const KdTreePtr&) [with PointInT = pcl::PointXYZRGB; PointOutT = pcl::Normal; pcl::Feature<PointInT, PointOutT>::KdTreePtr = std::shared_ptr<pcl::search::Search<pcl::PointXYZRGB> >][m[Kâ€™
[7.206s]   167 |       setSearchMethod ([01;36m[Kconst KdTreePtr &tree[m[K) { tree_ = tree; }
[7.206s]       |                        [01;36m[K~~~~~~~~~~~~~~~~~^~~~[m[K
[7.212s] [01m[K/home/purvang/vbrm-dr/src/main.cpp:179:12:[m[K [01;31m[Kerror: [m[Kâ€˜[01m[KBoundaryEstimation[m[Kâ€™ is not a member of â€˜[01m[Kpcl[m[Kâ€™; did you mean â€˜[01m[KNormalEstimation[m[Kâ€™?
[7.212s]   179 |       pcl::[01;31m[KBoundaryEstimation[m[K<pcl::PointXYZ, pcl::Normal, pcl::Boundary> est;
[7.213s]       |            [01;31m[K^~~~~~~~~~~~~~~~~~[m[K
[7.213s]       |            [32m[KNormalEstimation[m[K
[7.213s] [01m[K/home/purvang/vbrm-dr/src/main.cpp:179:44:[m[K [01;31m[Kerror: [m[Kexpected primary-expression before â€˜[01m[K,[m[Kâ€™ token
[7.213s]   179 |       pcl::BoundaryEstimation<pcl::PointXYZ[01;31m[K,[m[K pcl::Normal, pcl::Boundary> est;
[7.213s]       |                                            [01;31m[K^[m[K
[7.213s] [01m[K/home/purvang/vbrm-dr/src/main.cpp:179:57:[m[K [01;31m[Kerror: [m[Kexpected primary-expression before â€˜[01m[K,[m[Kâ€™ token
[7.213s]   179 |       pcl::BoundaryEstimation<pcl::PointXYZ, pcl::Normal[01;31m[K,[m[K pcl::Boundary> est;
[7.213s]       |                                                         [01;31m[K^[m[K
[7.213s] [01m[K/home/purvang/vbrm-dr/src/main.cpp:179:72:[m[K [01;31m[Kerror: [m[Kexpected primary-expression before â€˜[01m[K>[m[Kâ€™ token
[7.213s]   179 |       pcl::BoundaryEstimation<pcl::PointXYZ, pcl::Normal, pcl::Boundary[01;31m[K>[m[K est;
[7.213s]       |                                                                        [01;31m[K^[m[K
[7.220s] [01m[K/home/purvang/vbrm-dr/src/main.cpp:179:74:[m[K [01;31m[Kerror: [m[Kâ€˜[01m[Kest[m[Kâ€™ was not declared in this scope
[7.220s]   179 |       pcl::BoundaryEstimation<pcl::PointXYZ, pcl::Normal, pcl::Boundary> [01;31m[Kest[m[K;
[7.220s]       |                                                                          [01;31m[K^~~[m[K
[7.228s] [01m[K/home/purvang/vbrm-dr/src/main.cpp:188:26:[m[K [01;31m[Kerror: [m[Kâ€˜[01m[Kcloudptr[m[Kâ€™ was not declared in this scope; did you mean â€˜[01m[KCloudPtr[m[Kâ€™?
[7.228s]   188 |       for(int i = 0; i < [01;31m[Kcloudptr[m[K->points.size(); i++)
[7.228s]       |                          [01;31m[K^~~~~~~~[m[K
[7.228s]       |                          [32m[KCloudPtr[m[K
[7.359s] [01m[K/home/purvang/vbrm-dr/src/main.cpp:[m[K In member function â€˜[01m[Kvoid PointCloudSubscriber::topic_callback(sensor_msgs::msg::PointCloud2_<std::allocator<void> >::SharedPtr) const[m[Kâ€™:
[7.359s] [01m[K/home/purvang/vbrm-dr/src/main.cpp:429:7:[m[K [01;31m[Kerror: [m[Kâ€˜[01m[Kcloud_proj[m[Kâ€™ was not declared in this scope
[7.359s]   429 |       [01;31m[Kcloud_proj[m[K = pointCloudProcessor.__ProjectInliers__(objCloudFlattend, cluster_coefficients);
[7.359s]       |       [01;31m[K^~~~~~~~~~[m[K
[7.363s] [01m[K/home/purvang/vbrm-dr/src/main.cpp:432:46:[m[K [01;31m[Kerror: [m[Kredeclaration of â€˜[01m[Kpcl::PointCloud<pcl::PointXYZRGB>::Ptr cloud_projected[m[Kâ€™
[7.363s]   432 |       pcl::PointCloud<pcl::PointXYZRGB>::Ptr [01;31m[Kcloud_projected[m[K (new pcl::PointCloud<pcl::PointXYZRGB>);
[7.363s]       |                                              [01;31m[K^~~~~~~~~~~~~~~[m[K
[7.363s] [01m[K/home/purvang/vbrm-dr/src/main.cpp:404:46:[m[K [01;36m[Knote: [m[Kâ€˜[01m[Kpcl::PointCloud<pcl::PointXYZRGB>::Ptr cloud_projected[m[Kâ€™ previously declared here
[7.363s]   404 |       pcl::PointCloud<pcl::PointXYZRGB>::Ptr [01;36m[Kcloud_projected[m[K (new pcl::PointCloud<pcl::PointXYZRGB>);
[7.363s]       |                                              [01;36m[K^~~~~~~~~~~~~~~[m[K
[12.391s] gmake[2]: *** [CMakeFiles/PointCloudProcessor.dir/build.make:76: CMakeFiles/PointCloudProcessor.dir/src/main.cpp.o] Error 1
[12.392s] gmake[1]: *** [CMakeFiles/Makefile2:137: CMakeFiles/PointCloudProcessor.dir/all] Error 2
[12.392s] gmake: *** [Makefile:146: all] Error 2
[12.394s] Invoked command in '/home/purvang/vbrm-dr/build/vbrm-dr' returned '2': CMAKE_PREFIX_PATH=/opt/ros/humble /usr/local/bin/cmake --build /home/purvang/vbrm-dr/build/vbrm-dr -- -j9 -l9
